2023-06-16 13:15:50.890+02:00 ERROR c.m.applicationinsights.agent - 
*************************
Application Insights Java Agent 3.4.11 startup failed (PID 35954)
*************************

Description:
No connection string provided

Action:
Please provide connection string.

2023-06-16 14:16:00.711+02:00 ERROR c.m.applicationinsights.agent - 
*************************
Application Insights Java Agent 3.4.11 startup failed (PID 41290)
*************************

Description:
No connection string provided

Action:
Please provide connection string.

2023-06-16 14:17:26.915+02:00 ERROR c.m.applicationinsights.agent - 
*************************
Application Insights Java Agent 3.4.11 startup failed (PID 41432)
*************************

Description:
No connection string provided

Action:
Please provide connection string.

2023-06-16 14:21:19.914+02:00 ERROR c.m.applicationinsights.agent - 
*************************
Application Insights Java Agent 3.4.11 startup failed (PID 41841)
*************************

Description:
No connection string provided

Action:
Please provide connection string.

2023-06-16 14:24:40.721+02:00 ERROR c.m.applicationinsights.agent - 
*************************
Application Insights Java Agent 3.4.11 startup failed (PID 42130)
*************************

Description:
No connection string provided

Action:
Please provide connection string.

2023-06-16 14:26:30.275+02:00 ERROR c.m.applicationinsights.agent - 
*************************
Application Insights Java Agent 3.4.11 startup failed (PID 42301)
*************************

Description:
No connection string provided

Action:
Please provide connection string.

2023-06-16 14:29:33.043+02:00 ERROR c.m.applicationinsights.agent - 
*************************
Application Insights Java Agent 3.4.11 startup failed (PID 42607)
*************************

Description:
No connection string provided

Action:
Please provide connection string.

2023-06-16 14:52:59.052+02:00 ERROR c.m.applicationinsights.agent - 
*************************
Application Insights Java Agent 3.4.11 startup failed (PID 44783)
*************************

Description:
No connection string provided

Action:
Please provide connection string.

2023-06-16 15:27:33.594+02:00 ERROR c.m.applicationinsights.agent - 
*************************
Application Insights Java Agent 3.4.11 startup failed (PID 48198)
*************************

Description:
No connection string provided

Action:
Please provide connection string.

2023-06-16 15:29:01.434+02:00 ERROR c.m.applicationinsights.agent - 
*************************
Application Insights Java Agent 3.4.11 startup failed (PID 48334)
*************************

Description:
No connection string provided

Action:
Please provide connection string.

2023-06-16 15:30:26.700+02:00 ERROR c.m.applicationinsights.agent - 
*************************
Application Insights Java Agent 3.4.11 startup failed (PID 48462)
*************************

Description:
No connection string provided

Action:
Please provide connection string.

2023-06-16 15:31:59.967+02:00 ERROR c.m.applicationinsights.agent - 
*************************
Application Insights Java Agent 3.4.11 startup failed (PID 48608)
*************************

Description:
No connection string provided

Action:
Please provide connection string.

2023-06-16 15:38:24.970+02:00 ERROR c.m.applicationinsights.agent - 
*************************
Application Insights Java Agent 3.4.11 startup failed (PID 49731)
*************************

Description:
No connection string provided

Action:
Please provide connection string.

